<?xml version="1.0" encoding="UTF-8"?>
<!-- Generated by org.testng.reporters.JUnitXMLReporter -->
<testsuite ignored="0" hostname="DESKTOP-4G6V73A" failures="0" tests="13" name="Contact Page test cases in chrome " time="1.091" errors="0" timestamp="2023-07-09T09:25:41 IST">
  <testcase classname="TestLayer.LoginPageTest" name="@BeforeTest setUp" time="-1.688874940353E9">
    <failure type="org.testng.TestNGException" message="
Parameter &amp;apos;browsername&amp;apos; is required by BeforeTest on method setUp but has not been marked @Optional or defined
in C:\Users\Win\OneDrive\Desktop\Automation 03 June 2023\Test Script\CogmentoCRM\testng.xml">
      <![CDATA[org.testng.TestNGException: 
Parameter 'browsername' is required by BeforeTest on method setUp but has not been marked @Optional or defined
in C:\Users\Win\OneDrive\Desktop\Automation 03 June 2023\Test Script\CogmentoCRM\testng.xml
at java.base/java.util.concurrent.FutureTask.run(FutureTask.java:264)
at java.base/java.util.concurrent.ThreadPoolExecutor.runWorker(ThreadPoolExecutor.java:1136)
at java.base/java.util.concurrent.ThreadPoolExecutor$Worker.run(ThreadPoolExecutor.java:635)
at java.base/java.lang.Thread.run(Thread.java:833)
... Removed 12 stack frames]]>
    </failure>
  </testcase> <!-- @BeforeTest setUp -->
  <testcase classname="TestLayer.LoginPageTest" name="@AfterTest tearDown" time="-1.688874941438E9">
    <skipped/>
  </testcase> <!-- @AfterTest tearDown -->
  <testcase classname="TestLayer.LoginPageTest" name="loginFunctionality" time="0.0">
    <skipped/>
  </testcase> <!-- loginFunctionality -->
  <testcase classname="TestLayer.HomePageTest" name="validateHomePageTitle" time="0.0">
    <skipped/>
  </testcase> <!-- validateHomePageTitle -->
  <testcase classname="TestLayer.HomePageTest" name="validateHomePageUrl" time="0.0">
    <skipped/>
  </testcase> <!-- validateHomePageUrl -->
  <testcase classname="TestLayer.ContactPageTest" name="validateNewContactFunctionality" time="0.0">
    <skipped/>
  </testcase> <!-- validateNewContactFunctionality -->
  <testcase classname="TestLayer.ContactPageTest" name="validateNewContactFunctionality" time="0.0">
    <skipped/>
  </testcase> <!-- validateNewContactFunctionality -->
  <testcase classname="TestLayer.ContactPageTest" name="validateNewContactFunctionality" time="0.0">
    <skipped/>
  </testcase> <!-- validateNewContactFunctionality -->
  <testcase classname="TestLayer.ContactPageTest" name="validateNewContactFunctionality" time="0.0">
    <skipped/>
  </testcase> <!-- validateNewContactFunctionality -->
  <testcase classname="TestLayer.ContactPageTest" name="validateNewContactFunctionality" time="0.0">
    <skipped/>
  </testcase> <!-- validateNewContactFunctionality -->
  <testcase classname="TestLayer.ContactPageTest" name="validateNewContactFunctionality" time="0.0">
    <skipped/>
  </testcase> <!-- validateNewContactFunctionality -->
  <testcase classname="TestLayer.ContactPageTest" name="validateNewContactFunctionality" time="0.0">
    <skipped/>
  </testcase> <!-- validateNewContactFunctionality -->
  <testcase classname="TestLayer.ContactPageTest" name="validateNewContactFunctionality" time="0.0">
    <skipped/>
  </testcase> <!-- validateNewContactFunctionality -->
  <testcase classname="TestLayer.ContactPageTest" name="validateNewContactFunctionality" time="0.0">
    <skipped/>
  </testcase> <!-- validateNewContactFunctionality -->
  <testcase classname="TestLayer.ContactPageTest" name="validateNewContactFunctionality" time="0.0">
    <skipped/>
  </testcase> <!-- validateNewContactFunctionality -->
</testsuite> <!-- Contact Page test cases in chrome  -->
